


ARM Macro Assembler    Page 1 


    1 00000000         ;*******************************************************
                       ***********************
    2 00000000         ;
    3 00000000         ;! @file startup_keil.s
    4 00000000         ;!
    5 00000000         ;! @brief Definitions for Apollo2 interrupt handlers, th
                       e vector table, and the stack.
    6 00000000         ;
    7 00000000         ;*******************************************************
                       ***********************
    8 00000000         
    9 00000000         ;*******************************************************
                       ***********************
   10 00000000         ;
   11 00000000         ; Copyright (c) 2017, Ambiq Micro
   12 00000000         ; All rights reserved.
   13 00000000         ; 
   14 00000000         ; Redistribution and use in source and binary forms, wit
                       h or without
   15 00000000         ; modification, are permitted provided that the followin
                       g conditions are met:
   16 00000000         ; 
   17 00000000         ; 1. Redistributions of source code must retain the abov
                       e copyright notice,
   18 00000000         ; this list of conditions and the following disclaimer.
   19 00000000         ; 
   20 00000000         ; 2. Redistributions in binary form must reproduce the a
                       bove copyright
   21 00000000         ; notice, this list of conditions and the following disc
                       laimer in the
   22 00000000         ; documentation and/or other materials provided with the
                        distribution.
   23 00000000         ; 
   24 00000000         ; 3. Neither the name of the copyright holder nor the na
                       mes of its
   25 00000000         ; contributors may be used to endorse or promote product
                       s derived from this
   26 00000000         ; software without specific prior written permission.
   27 00000000         ; 
   28 00000000         ; THIS SOFTWARE IS PROVIDED BY THE COPYRIGHT HOLDERS AND
                        CONTRIBUTORS "AS IS"
   29 00000000         ; AND ANY EXPRESS OR IMPLIED WARRANTIES, INCLUDING, BUT 
                       NOT LIMITED TO, THE
   30 00000000         ; IMPLIED WARRANTIES OF MERCHANTABILITY AND FITNESS FOR 
                       A PARTICULAR PURPOSE
   31 00000000         ; ARE DISCLAIMED. IN NO EVENT SHALL THE COPYRIGHT HOLDER
                        OR CONTRIBUTORS BE
   32 00000000         ; LIABLE FOR ANY DIRECT, INDIRECT, INCIDENTAL, SPECIAL, 
                       EXEMPLARY, OR
   33 00000000         ; CONSEQUENTIAL DAMAGES (INCLUDING, BUT NOT LIMITED TO, 
                       PROCUREMENT OF
   34 00000000         ; SUBSTITUTE GOODS OR SERVICES; LOSS OF USE, DATA, OR PR
                       OFITS; OR BUSINESS
   35 00000000         ; INTERRUPTION) HOWEVER CAUSED AND ON ANY THEORY OF LIAB
                       ILITY, WHETHER IN
   36 00000000         ; CONTRACT, STRICT LIABILITY, OR TORT (INCLUDING NEGLIGE
                       NCE OR OTHERWISE)
   37 00000000         ; ARISING IN ANY WAY OUT OF THE USE OF THIS SOFTWARE, EV
                       EN IF ADVISED OF THE



ARM Macro Assembler    Page 2 


   38 00000000         ; POSSIBILITY OF SUCH DAMAGE.
   39 00000000         ;
   40 00000000         ; This is part of revision v1.2.10-2-gea660ad-hotfix2 of
                        the AmbiqSuite Development Package.
   41 00000000         ;
   42 00000000         ;*******************************************************
                       ***********************
   43 00000000         
   44 00000000         ;*******************************************************
                       ***********************
   45 00000000         ;
   46 00000000         ; <o> Stack Size (in Bytes) <0x0-0xFFFFFFFF:8>
   47 00000000         ;*******************************************************
                       *****************
   48 00000000 00002300 
                       Stack   EQU              0x00002300
   49 00000000         
   50 00000000         ;*******************************************************
                       ***********************
   51 00000000         ;
   52 00000000         ; <o> Heap Size (in Bytes) <0x0-0xFFFFFFFF:8>
   53 00000000         ;
   54 00000000         ;*******************************************************
                       ***********************
   55 00000000 00000000 
                       Heap    EQU              0x00000000
   56 00000000         
   57 00000000         ;*******************************************************
                       ***********************
   58 00000000         ;
   59 00000000         ; Allocate space for the stack.
   60 00000000         ;
   61 00000000         ;*******************************************************
                       ***********************
   62 00000000                 AREA             STACK, NOINIT, READWRITE, ALIGN
=3
   63 00000000         StackMem
   64 00000000                 SPACE            Stack
   65 00002300         __initial_sp
   66 00002300         
   67 00002300         ;*******************************************************
                       ***********************
   68 00002300         ;
   69 00002300         ; Allocate space for the heap.
   70 00002300         ;
   71 00002300         ;*******************************************************
                       ***********************
   72 00002300                 AREA             HEAP, NOINIT, READWRITE, ALIGN=
3
   73 00000000         __heap_base
   74 00000000         HeapMem
   75 00000000                 SPACE            Heap
   76 00000000         __heap_limit
   77 00000000         
   78 00000000         ;*******************************************************
                       ***********************
   79 00000000         ;
   80 00000000         ; Indicate that the code in this file preserves 8-byte a
                       lignment of the stack.



ARM Macro Assembler    Page 3 


   81 00000000         ;
   82 00000000         ;*******************************************************
                       ***********************
   83 00000000                 PRESERVE8
   84 00000000         
   85 00000000         ;*******************************************************
                       ***********************
   86 00000000         ;
   87 00000000         ; Place code into the reset code section.
   88 00000000         ;
   89 00000000         ;*******************************************************
                       ***********************
   90 00000000                 AREA             RESET, CODE, READONLY
   91 00000000                 THUMB
   92 00000000         
   93 00000000         ;*******************************************************
                       ***********************
   94 00000000         ;
   95 00000000         ; The vector table.
   96 00000000         ;
   97 00000000         ;*******************************************************
                       ***********************
   98 00000000         ;
   99 00000000         ; Note: Aliasing and weakly exporting am_mpufault_isr, a
                       m_busfault_isr, and
  100 00000000         ; am_usagefault_isr does not work if am_fault_isr is def
                       ined externally.
  101 00000000         ; Therefore, we'll explicitly use am_fault_isr in the ta
                       ble for those vectors.
  102 00000000         ;
  103 00000000         
  104 00000000                 EXPORT           __Vectors
  105 00000000         __Vectors
  106 00000000 00002300        DCD              StackMem + Stack ; Top of Stack
                                                            
  107 00000004 00000000        DCD              Reset_Handler ; Reset Handler
  108 00000008 00000000        DCD              am_nmi_isr  ; NMI Handler
  109 0000000C 00000000        DCD              am_fault_isr ; Hard Fault Handl
                                                            er
  110 00000010 00000000        DCD              am_fault_isr ; The MPU fault ha
                                                            ndler
  111 00000014 00000000        DCD              am_fault_isr ; The bus fault ha
                                                            ndler
  112 00000018 00000000        DCD              am_fault_isr ; The usage fault 
                                                            handler
  113 0000001C 00000000        DCD              0           ; Reserved
  114 00000020 00000000        DCD              0           ; Reserved
  115 00000024 00000000        DCD              0           ; Reserved
  116 00000028 00000000        DCD              0           ; Reserved
  117 0000002C 00000000        DCD              am_svcall_isr ; SVCall handler
  118 00000030 00000000        DCD              am_debugmon_isr ; Debug monitor
                                                             handler
  119 00000034 00000000        DCD              0           ; Reserved
  120 00000038 00000000        DCD              am_pendsv_isr ; The PendSV hand
                                                            ler
  121 0000003C 00000000        DCD              am_systick_isr ; The SysTick ha
                                                            ndler
  122 00000040         
  123 00000040         ; Peripheral Interrupts



ARM Macro Assembler    Page 4 


  124 00000040 00000000        DCD              am_brownout_isr ;  0: Reserved
  125 00000044 00000000        DCD              am_watchdog_isr ;  1: Reserved
  126 00000048 00000000        DCD              am_clkgen_isr ;  2: CLKGEN
  127 0000004C 00000000        DCD              am_vcomp_isr ;  3: Voltage Comp
                                                            arator
  128 00000050 00000000        DCD              am_ioslave_ios_isr ;  4: I/O Sl
                                                            ave general
  129 00000054 00000000        DCD              am_ioslave_acc_isr ;  5: I/O Sl
                                                            ave access
  130 00000058 00000000        DCD              am_iomaster0_isr 
                                                            ;  6: I/O Master 0
  131 0000005C 00000000        DCD              am_iomaster1_isr 
                                                            ;  7: I/O Master 1
  132 00000060 00000000        DCD              am_iomaster2_isr 
                                                            ;  8: I/O Master 2
  133 00000064 00000000        DCD              am_iomaster3_isr 
                                                            ;  9: I/O Master 3
  134 00000068 00000000        DCD              am_iomaster4_isr 
                                                            ; 10: I/O Master 4
  135 0000006C 00000000        DCD              am_iomaster5_isr 
                                                            ; 11: I/O Master 5
  136 00000070 00000000        DCD              am_gpio_isr ; 12: GPIO
  137 00000074 00000000        DCD              am_ctimer_isr ; 13: CTIMER
  138 00000078 00000000        DCD              am_uart_isr ; 14: UART0
  139 0000007C 00000000        DCD              am_uart1_isr ; 15: UART1
  140 00000080 00000000        DCD              am_adc_isr  ; 16: ADC
  141 00000084 00000000        DCD              am_pdm_isr  ; 17: PDM
  142 00000088 00000000        DCD              am_stimer_isr 
                                                            ; 18: SYSTEM TIMER
  143 0000008C 00000000        DCD              am_stimer_cmpr0_isr ; 19: SYSTE
                                                            M TIMER COMPARE0
  144 00000090 00000000        DCD              am_stimer_cmpr1_isr ; 20: SYSTE
                                                            M TIMER COMPARE1
  145 00000094 00000000        DCD              am_stimer_cmpr2_isr ; 21: SYSTE
                                                            M TIMER COMPARE2
  146 00000098 00000000        DCD              am_stimer_cmpr3_isr ; 22: SYSTE
                                                            M TIMER COMPARE3
  147 0000009C 00000000        DCD              am_stimer_cmpr4_isr ; 23: SYSTE
                                                            M TIMER COMPARE4
  148 000000A0 00000000        DCD              am_stimer_cmpr5_isr ; 24: SYSTE
                                                            M TIMER COMPARE5
  149 000000A4 00000000        DCD              am_stimer_cmpr6_isr ; 25: SYSTE
                                                            M TIMER COMPARE6
  150 000000A8 00000000        DCD              am_stimer_cmpr7_isr ; 26: SYSTE
                                                            M TIMER COMPARE7
  151 000000AC 00000000        DCD              am_flash_isr ; 27: FLASH
  152 000000B0 00000000        DCD              am_software0_isr 
                                                            ; 28: SOFTWARE0
  153 000000B4 00000000        DCD              am_software1_isr 
                                                            ; 29: SOFTWARE1
  154 000000B8 00000000        DCD              am_software2_isr 
                                                            ; 30: SOFTWARE2
  155 000000BC 00000000        DCD              am_software3_isr 
                                                            ; 31: SOFTWARE3
  156 000000C0         
  157 000000C0         __Vectors_End
  158 000000C0         
  159 000000C0 000000C0 
                       __Vectors_Size



ARM Macro Assembler    Page 5 


                               EQU              __Vectors_End - __Vectors
  160 000000C0         
  161 000000C0         ;*******************************************************
                       ***********************
  162 000000C0         ;
  163 000000C0         ; This is the code that gets called when the processor f
                       irst starts execution
  164 000000C0         ; following a reset event.
  165 000000C0         ;
  166 000000C0         ;*******************************************************
                       ***********************
  167 000000C0         Reset_Handler
                               PROC
  168 000000C0                 EXPORT           Reset_Handler               [WE
AK]
  169 000000C0                 IMPORT           __main
  170 000000C0         
  171 000000C0         ; Enable the FPU.
  172 000000C0 F64E 5088       MOVW             R0, #0xED88
  173 000000C4 F2CE 0000       MOVT             R0, #0xE000
  174 000000C8 6801            LDR              R1, [R0]
  175 000000CA F441 0170       ORR              R1, #0x00F00000
  176 000000CE 6001            STR              R1, [R0]
  177 000000D0 F3BF 8F4F       DSB
  178 000000D4 F3BF 8F6F       ISB
  179 000000D8         
  180 000000D8         ; Branch to main.
  181 000000D8 4802            LDR              R0, =__main
  182 000000DA 4700            BX               R0
  183 000000DC         
  184 000000DC                 ENDP
  185 000000DC         
  186 000000DC         ;*******************************************************
                       ***********************
  187 000000DC         ;
  188 000000DC         ; Weak Exception Handlers.
  189 000000DC         ;
  190 000000DC         ;*******************************************************
                       ***********************
  191 000000DC         am_nmi_isr
                               PROC
  192 000000DC                 EXPORT           am_nmi_isr                  [WE
AK]
  193 000000DC E7FE            B                .
  194 000000DE                 ENDP
  196 000000DE         am_fault_isr
                               PROC
  197 000000DE                 EXPORT           am_fault_isr                [WE
AK]
  198 000000DE E7FE            B                .
  199 000000E0                 ENDP
  201 000000E0         am_memmanage_isr
                               PROC
  202 000000E0                 EXPORT           am_memmanage_isr            [WE
AK]
  203 000000E0 E7FE            B                .
  204 000000E2                 ENDP
  206 000000E2         am_default_isr
                               PROC



ARM Macro Assembler    Page 6 


  207 000000E2                 EXPORT           am_svcall_isr               [WE
AK]
  208 000000E2                 EXPORT           am_debugmon_isr             [WE
AK]
  209 000000E2                 EXPORT           am_pendsv_isr               [WE
AK]
  210 000000E2                 EXPORT           am_systick_isr              [WE
AK]
  211 000000E2                 EXPORT           am_brownout_isr             [WE
AK]
  212 000000E2                 EXPORT           am_adc_isr                  [WE
AK]
  213 000000E2                 EXPORT           am_watchdog_isr             [WE
AK]
  214 000000E2                 EXPORT           am_clkgen_isr               [WE
AK]
  215 000000E2                 EXPORT           am_vcomp_isr                [WE
AK]
  216 000000E2                 EXPORT           am_ioslave_ios_isr          [WE
AK]
  217 000000E2                 EXPORT           am_ioslave_acc_isr          [WE
AK]
  218 000000E2                 EXPORT           am_iomaster0_isr            [WE
AK]
  219 000000E2                 EXPORT           am_iomaster1_isr            [WE
AK]
  220 000000E2                 EXPORT           am_iomaster2_isr            [WE
AK]
  221 000000E2                 EXPORT           am_iomaster3_isr            [WE
AK]
  222 000000E2                 EXPORT           am_iomaster4_isr            [WE
AK]
  223 000000E2                 EXPORT           am_iomaster5_isr            [WE
AK]
  224 000000E2                 EXPORT           am_gpio_isr                 [WE
AK]
  225 000000E2                 EXPORT           am_ctimer_isr               [WE
AK]
  226 000000E2                 EXPORT           am_uart_isr                 [WE
AK]
  227 000000E2                 EXPORT           am_uart0_isr                [WE
AK]
  228 000000E2                 EXPORT           am_uart1_isr                [WE
AK]
  229 000000E2                 EXPORT           am_pdm_isr                  [WE
AK]
  230 000000E2                 EXPORT           am_stimer_isr               [WE
AK]
  231 000000E2                 EXPORT           am_stimer_cmpr0_isr         [WE
AK]
  232 000000E2                 EXPORT           am_stimer_cmpr1_isr         [WE
AK]
  233 000000E2                 EXPORT           am_stimer_cmpr2_isr         [WE
AK]
  234 000000E2                 EXPORT           am_stimer_cmpr3_isr         [WE
AK]
  235 000000E2                 EXPORT           am_stimer_cmpr4_isr         [WE
AK]
  236 000000E2                 EXPORT           am_stimer_cmpr5_isr         [WE



ARM Macro Assembler    Page 7 


AK]
  237 000000E2                 EXPORT           am_stimer_cmpr6_isr         [WE
AK]
  238 000000E2                 EXPORT           am_stimer_cmpr7_isr         [WE
AK]
  239 000000E2                 EXPORT           am_flash_isr                [WE
AK]
  240 000000E2                 EXPORT           am_software0_isr            [WE
AK]
  241 000000E2                 EXPORT           am_software1_isr            [WE
AK]
  242 000000E2                 EXPORT           am_software2_isr            [WE
AK]
  243 000000E2                 EXPORT           am_software3_isr            [WE
AK]
  244 000000E2         
  245 000000E2         am_svcall_isr
  246 000000E2         am_debugmon_isr
  247 000000E2         am_pendsv_isr
  248 000000E2         am_systick_isr
  249 000000E2         am_brownout_isr
  250 000000E2         am_adc_isr
  251 000000E2         am_watchdog_isr
  252 000000E2         am_clkgen_isr
  253 000000E2         am_vcomp_isr
  254 000000E2         am_ioslave_ios_isr
  255 000000E2         am_ioslave_acc_isr
  256 000000E2         am_iomaster0_isr
  257 000000E2         am_iomaster1_isr
  258 000000E2         am_iomaster2_isr
  259 000000E2         am_iomaster3_isr
  260 000000E2         am_iomaster4_isr
  261 000000E2         am_iomaster5_isr
  262 000000E2         am_gpio_isr
  263 000000E2         am_ctimer_isr
  264 000000E2         am_uart_isr
  265 000000E2         am_uart0_isr
  266 000000E2         am_uart1_isr
  267 000000E2         am_pdm_isr
  268 000000E2         am_stimer_isr
  269 000000E2         am_stimer_cmpr0_isr
  270 000000E2         am_stimer_cmpr1_isr
  271 000000E2         am_stimer_cmpr2_isr
  272 000000E2         am_stimer_cmpr3_isr
  273 000000E2         am_stimer_cmpr4_isr
  274 000000E2         am_stimer_cmpr5_isr
  275 000000E2         am_stimer_cmpr6_isr
  276 000000E2         am_stimer_cmpr7_isr
  277 000000E2         am_flash_isr
  278 000000E2         am_software0_isr
  279 000000E2         am_software1_isr
  280 000000E2         am_software2_isr
  281 000000E2         am_software3_isr
  282 000000E2         
  283 000000E2         ; all device interrupts go here unless the weak label is
                        over
  284 000000E2         ; ridden in the linker hard spin so the debugger will kn
                       ow it
  285 000000E2         ; was an unhandled interrupt request a come-from-buffer 



ARM Macro Assembler    Page 8 


                       or
  286 000000E2         ; instruction trace hardware would sure be nice if you g
                       et here
  287 000000E2 E7FE            B                .
  288 000000E4         
  289 000000E4                 ENDP
  290 000000E4         
  291 000000E4         ;*******************************************************
                       ***********************
  292 000000E4         ;
  293 000000E4         ; Align the end of the section.
  294 000000E4         ;
  295 000000E4         ;*******************************************************
                       ***********************
  296 000000E4                 ALIGN
  297 000000E4         
  298 000000E4         ;*******************************************************
                       ***********************
  299 000000E4         ;
  300 000000E4         ; Initialization of the heap and stack.
  301 000000E4         ;
  302 000000E4         ;*******************************************************
                       ***********************
  303 000000E4 00000000        AREA             |.text|, CODE, READONLY
  304 00000000         
  305 00000000         ;*******************************************************
                       ***********************
  306 00000000         ;
  307 00000000         ; User Initial Stack & Heap.
  308 00000000         ;
  309 00000000         ;*******************************************************
                       ***********************
  310 00000000                 IF               :DEF: __MICROLIB
  315 00000000                 IMPORT           __use_two_region_memory
  316 00000000                 EXPORT           __user_initial_stackheap
  317 00000000         __user_initial_stackheap
                               PROC
  318 00000000 4802            LDR              R0, =HeapMem
  319 00000002 4903            LDR              R1, =(StackMem + Stack)
  320 00000004 4A01            LDR              R2, =(HeapMem + Heap)
  321 00000006 4B03            LDR              R3, =StackMem
  322 00000008 4770            BX               LR
  323 0000000A         
  324 0000000A                 ENDP
  325 0000000A         
  326 0000000A                 ENDIF
  327 0000000A         
  328 0000000A         ;*******************************************************
                       ***********************
  329 0000000A         ;
  330 0000000A         ; Align the end of the section.
  331 0000000A         ;
  332 0000000A         ;*******************************************************
                       ***********************
  333 0000000A 00 00           ALIGN
  334 0000000C         
  335 0000000C         ;*******************************************************
                       ***********************
  336 0000000C         ;



ARM Macro Assembler    Page 9 


  337 0000000C         ; All Done
  338 0000000C         ;
  339 0000000C         ;*******************************************************
                       ***********************
  340 0000000C                 END
              00000000 
              00002300 
              00000000 
Command Line: --debug --xref --diag_suppress=9931 --cpu=Cortex-M4.fp --apcs=int
erwork --depend=.\bin_cod\startup_keil.d -o.\bin_cod\startup_keil.o -IE:\god_te
mp_1270\App\keil\RTE -ID:\keil\ARM\PACK\AmbiqMicro\Apollo_DFP\1.0.0 -ID:\keil\A
RM\CMSIS\Include -ID:\keil\ARM\PACK\AmbiqMicro\Apollo_DFP\1.0.0\Device\Include 
--predefine="__UVISION_VERSION SETA 514" --predefine="APOLLO2_1024 SETA 1" --li
st=.\listings_cod\startup_keil.lst startup_keil.s



ARM Macro Assembler    Page 1 Alphabetic symbol ordering
Relocatable symbols

STACK 00000000

Symbol: STACK
   Definitions
      At line 62 in file startup_keil.s
   Uses
      None
Comment: STACK unused
StackMem 00000000

Symbol: StackMem
   Definitions
      At line 63 in file startup_keil.s
   Uses
      At line 106 in file startup_keil.s
      At line 319 in file startup_keil.s
      At line 321 in file startup_keil.s

__initial_sp 00002300

Symbol: __initial_sp
   Definitions
      At line 65 in file startup_keil.s
   Uses
      None
Comment: __initial_sp unused
3 symbols



ARM Macro Assembler    Page 1 Alphabetic symbol ordering
Relocatable symbols

HEAP 00000000

Symbol: HEAP
   Definitions
      At line 72 in file startup_keil.s
   Uses
      None
Comment: HEAP unused
HeapMem 00000000

Symbol: HeapMem
   Definitions
      At line 74 in file startup_keil.s
   Uses
      At line 318 in file startup_keil.s
      At line 320 in file startup_keil.s

__heap_base 00000000

Symbol: __heap_base
   Definitions
      At line 73 in file startup_keil.s
   Uses
      None
Comment: __heap_base unused
__heap_limit 00000000

Symbol: __heap_limit
   Definitions
      At line 76 in file startup_keil.s
   Uses
      None
Comment: __heap_limit unused
4 symbols



ARM Macro Assembler    Page 1 Alphabetic symbol ordering
Relocatable symbols

RESET 00000000

Symbol: RESET
   Definitions
      At line 90 in file startup_keil.s
   Uses
      None
Comment: RESET unused
Reset_Handler 000000C0

Symbol: Reset_Handler
   Definitions
      At line 167 in file startup_keil.s
   Uses
      At line 107 in file startup_keil.s
      At line 168 in file startup_keil.s

__Vectors 00000000

Symbol: __Vectors
   Definitions
      At line 105 in file startup_keil.s
   Uses
      At line 104 in file startup_keil.s
      At line 159 in file startup_keil.s

__Vectors_End 000000C0

Symbol: __Vectors_End
   Definitions
      At line 157 in file startup_keil.s
   Uses
      At line 159 in file startup_keil.s
Comment: __Vectors_End used once
am_adc_isr 000000E2

Symbol: am_adc_isr
   Definitions
      At line 250 in file startup_keil.s
   Uses
      At line 140 in file startup_keil.s
      At line 212 in file startup_keil.s

am_brownout_isr 000000E2

Symbol: am_brownout_isr
   Definitions
      At line 249 in file startup_keil.s
   Uses
      At line 124 in file startup_keil.s
      At line 211 in file startup_keil.s

am_clkgen_isr 000000E2

Symbol: am_clkgen_isr
   Definitions
      At line 252 in file startup_keil.s
   Uses
      At line 126 in file startup_keil.s



ARM Macro Assembler    Page 2 Alphabetic symbol ordering
Relocatable symbols

      At line 214 in file startup_keil.s

am_ctimer_isr 000000E2

Symbol: am_ctimer_isr
   Definitions
      At line 263 in file startup_keil.s
   Uses
      At line 137 in file startup_keil.s
      At line 225 in file startup_keil.s

am_debugmon_isr 000000E2

Symbol: am_debugmon_isr
   Definitions
      At line 246 in file startup_keil.s
   Uses
      At line 118 in file startup_keil.s
      At line 208 in file startup_keil.s

am_default_isr 000000E2

Symbol: am_default_isr
   Definitions
      At line 206 in file startup_keil.s
   Uses
      None
Comment: am_default_isr unused
am_fault_isr 000000DE

Symbol: am_fault_isr
   Definitions
      At line 196 in file startup_keil.s
   Uses
      At line 109 in file startup_keil.s
      At line 110 in file startup_keil.s
      At line 111 in file startup_keil.s
      At line 112 in file startup_keil.s
      At line 197 in file startup_keil.s

am_flash_isr 000000E2

Symbol: am_flash_isr
   Definitions
      At line 277 in file startup_keil.s
   Uses
      At line 151 in file startup_keil.s
      At line 239 in file startup_keil.s

am_gpio_isr 000000E2

Symbol: am_gpio_isr
   Definitions
      At line 262 in file startup_keil.s
   Uses
      At line 136 in file startup_keil.s
      At line 224 in file startup_keil.s

am_iomaster0_isr 000000E2



ARM Macro Assembler    Page 3 Alphabetic symbol ordering
Relocatable symbols


Symbol: am_iomaster0_isr
   Definitions
      At line 256 in file startup_keil.s
   Uses
      At line 130 in file startup_keil.s
      At line 218 in file startup_keil.s

am_iomaster1_isr 000000E2

Symbol: am_iomaster1_isr
   Definitions
      At line 257 in file startup_keil.s
   Uses
      At line 131 in file startup_keil.s
      At line 219 in file startup_keil.s

am_iomaster2_isr 000000E2

Symbol: am_iomaster2_isr
   Definitions
      At line 258 in file startup_keil.s
   Uses
      At line 132 in file startup_keil.s
      At line 220 in file startup_keil.s

am_iomaster3_isr 000000E2

Symbol: am_iomaster3_isr
   Definitions
      At line 259 in file startup_keil.s
   Uses
      At line 133 in file startup_keil.s
      At line 221 in file startup_keil.s

am_iomaster4_isr 000000E2

Symbol: am_iomaster4_isr
   Definitions
      At line 260 in file startup_keil.s
   Uses
      At line 134 in file startup_keil.s
      At line 222 in file startup_keil.s

am_iomaster5_isr 000000E2

Symbol: am_iomaster5_isr
   Definitions
      At line 261 in file startup_keil.s
   Uses
      At line 135 in file startup_keil.s
      At line 223 in file startup_keil.s

am_ioslave_acc_isr 000000E2

Symbol: am_ioslave_acc_isr
   Definitions
      At line 255 in file startup_keil.s
   Uses



ARM Macro Assembler    Page 4 Alphabetic symbol ordering
Relocatable symbols

      At line 129 in file startup_keil.s
      At line 217 in file startup_keil.s

am_ioslave_ios_isr 000000E2

Symbol: am_ioslave_ios_isr
   Definitions
      At line 254 in file startup_keil.s
   Uses
      At line 128 in file startup_keil.s
      At line 216 in file startup_keil.s

am_memmanage_isr 000000E0

Symbol: am_memmanage_isr
   Definitions
      At line 201 in file startup_keil.s
   Uses
      At line 202 in file startup_keil.s
Comment: am_memmanage_isr used once
am_nmi_isr 000000DC

Symbol: am_nmi_isr
   Definitions
      At line 191 in file startup_keil.s
   Uses
      At line 108 in file startup_keil.s
      At line 192 in file startup_keil.s

am_pdm_isr 000000E2

Symbol: am_pdm_isr
   Definitions
      At line 267 in file startup_keil.s
   Uses
      At line 141 in file startup_keil.s
      At line 229 in file startup_keil.s

am_pendsv_isr 000000E2

Symbol: am_pendsv_isr
   Definitions
      At line 247 in file startup_keil.s
   Uses
      At line 120 in file startup_keil.s
      At line 209 in file startup_keil.s

am_software0_isr 000000E2

Symbol: am_software0_isr
   Definitions
      At line 278 in file startup_keil.s
   Uses
      At line 152 in file startup_keil.s
      At line 240 in file startup_keil.s

am_software1_isr 000000E2

Symbol: am_software1_isr



ARM Macro Assembler    Page 5 Alphabetic symbol ordering
Relocatable symbols

   Definitions
      At line 279 in file startup_keil.s
   Uses
      At line 153 in file startup_keil.s
      At line 241 in file startup_keil.s

am_software2_isr 000000E2

Symbol: am_software2_isr
   Definitions
      At line 280 in file startup_keil.s
   Uses
      At line 154 in file startup_keil.s
      At line 242 in file startup_keil.s

am_software3_isr 000000E2

Symbol: am_software3_isr
   Definitions
      At line 281 in file startup_keil.s
   Uses
      At line 155 in file startup_keil.s
      At line 243 in file startup_keil.s

am_stimer_cmpr0_isr 000000E2

Symbol: am_stimer_cmpr0_isr
   Definitions
      At line 269 in file startup_keil.s
   Uses
      At line 143 in file startup_keil.s
      At line 231 in file startup_keil.s

am_stimer_cmpr1_isr 000000E2

Symbol: am_stimer_cmpr1_isr
   Definitions
      At line 270 in file startup_keil.s
   Uses
      At line 144 in file startup_keil.s
      At line 232 in file startup_keil.s

am_stimer_cmpr2_isr 000000E2

Symbol: am_stimer_cmpr2_isr
   Definitions
      At line 271 in file startup_keil.s
   Uses
      At line 145 in file startup_keil.s
      At line 233 in file startup_keil.s

am_stimer_cmpr3_isr 000000E2

Symbol: am_stimer_cmpr3_isr
   Definitions
      At line 272 in file startup_keil.s
   Uses
      At line 146 in file startup_keil.s
      At line 234 in file startup_keil.s



ARM Macro Assembler    Page 6 Alphabetic symbol ordering
Relocatable symbols


am_stimer_cmpr4_isr 000000E2

Symbol: am_stimer_cmpr4_isr
   Definitions
      At line 273 in file startup_keil.s
   Uses
      At line 147 in file startup_keil.s
      At line 235 in file startup_keil.s

am_stimer_cmpr5_isr 000000E2

Symbol: am_stimer_cmpr5_isr
   Definitions
      At line 274 in file startup_keil.s
   Uses
      At line 148 in file startup_keil.s
      At line 236 in file startup_keil.s

am_stimer_cmpr6_isr 000000E2

Symbol: am_stimer_cmpr6_isr
   Definitions
      At line 275 in file startup_keil.s
   Uses
      At line 149 in file startup_keil.s
      At line 237 in file startup_keil.s

am_stimer_cmpr7_isr 000000E2

Symbol: am_stimer_cmpr7_isr
   Definitions
      At line 276 in file startup_keil.s
   Uses
      At line 150 in file startup_keil.s
      At line 238 in file startup_keil.s

am_stimer_isr 000000E2

Symbol: am_stimer_isr
   Definitions
      At line 268 in file startup_keil.s
   Uses
      At line 142 in file startup_keil.s
      At line 230 in file startup_keil.s

am_svcall_isr 000000E2

Symbol: am_svcall_isr
   Definitions
      At line 245 in file startup_keil.s
   Uses
      At line 117 in file startup_keil.s
      At line 207 in file startup_keil.s

am_systick_isr 000000E2

Symbol: am_systick_isr
   Definitions



ARM Macro Assembler    Page 7 Alphabetic symbol ordering
Relocatable symbols

      At line 248 in file startup_keil.s
   Uses
      At line 121 in file startup_keil.s
      At line 210 in file startup_keil.s

am_uart0_isr 000000E2

Symbol: am_uart0_isr
   Definitions
      At line 265 in file startup_keil.s
   Uses
      At line 227 in file startup_keil.s
Comment: am_uart0_isr used once
am_uart1_isr 000000E2

Symbol: am_uart1_isr
   Definitions
      At line 266 in file startup_keil.s
   Uses
      At line 139 in file startup_keil.s
      At line 228 in file startup_keil.s

am_uart_isr 000000E2

Symbol: am_uart_isr
   Definitions
      At line 264 in file startup_keil.s
   Uses
      At line 138 in file startup_keil.s
      At line 226 in file startup_keil.s

am_vcomp_isr 000000E2

Symbol: am_vcomp_isr
   Definitions
      At line 253 in file startup_keil.s
   Uses
      At line 127 in file startup_keil.s
      At line 215 in file startup_keil.s

am_watchdog_isr 000000E2

Symbol: am_watchdog_isr
   Definitions
      At line 251 in file startup_keil.s
   Uses
      At line 125 in file startup_keil.s
      At line 213 in file startup_keil.s

45 symbols



ARM Macro Assembler    Page 1 Alphabetic symbol ordering
Relocatable symbols

.text 00000000

Symbol: .text
   Definitions
      At line 303 in file startup_keil.s
   Uses
      None
Comment: .text unused
__user_initial_stackheap 00000000

Symbol: __user_initial_stackheap
   Definitions
      At line 317 in file startup_keil.s
   Uses
      At line 316 in file startup_keil.s
Comment: __user_initial_stackheap used once
2 symbols



ARM Macro Assembler    Page 1 Alphabetic symbol ordering
Absolute symbols

Heap 00000000

Symbol: Heap
   Definitions
      At line 55 in file startup_keil.s
   Uses
      At line 75 in file startup_keil.s
      At line 320 in file startup_keil.s

Stack 00002300

Symbol: Stack
   Definitions
      At line 48 in file startup_keil.s
   Uses
      At line 64 in file startup_keil.s
      At line 106 in file startup_keil.s
      At line 319 in file startup_keil.s

__Vectors_Size 000000C0

Symbol: __Vectors_Size
   Definitions
      At line 159 in file startup_keil.s
   Uses
      None
Comment: __Vectors_Size unused
3 symbols



ARM Macro Assembler    Page 1 Alphabetic symbol ordering
External symbols

__main 00000000

Symbol: __main
   Definitions
      At line 169 in file startup_keil.s
   Uses
      At line 181 in file startup_keil.s
Comment: __main used once
__use_two_region_memory 00000000

Symbol: __use_two_region_memory
   Definitions
      At line 315 in file startup_keil.s
   Uses
      None
Comment: __use_two_region_memory unused
2 symbols
398 symbols in table
